Updating: UnityEngine.AssemblyHelper
Updating: UnityEngine.SetupCoroutine
Updating: UnityEngine.SendMouseEvents
Updating: UnityEngine.StackTraceUtility
Updating: UnityEngine.UnityException
Updating: UnityEngine.MissingComponentException
Updating: UnityEngine.UnassignedReferenceException
Updating: UnityEngine.MissingReferenceException
Updating: UnityEngine.TextEditor
Updating: UnityEngine.TextEditor/DblClickSnapping
Updating: UnityEngine.TextEditor/DblClickSnapping
Updating: UnityEngine.WrapMode
Updating: UnityEngine.AnimationEvent
Updating: UnityEngine.AnimationClip
Updating: UnityEngine.Keyframe
Updating: UnityEngine.AnimationCurve
Updating: UnityEngine.PlayMode
Updating: UnityEngine.QueueMode
Updating: UnityEngine.AnimationBlendMode
Updating: UnityEngine.AnimationPlayMode
Updating: UnityEngine.Animation
Updating: UnityEngine.AnimationState
Updating: UnityEngine.ReferenceData
Updating: UnityEngine.HideFlags
Updating: UnityEngine.Object
Updating: UnityEngine.SendMessageOptions
Updating: UnityEngine.PrimitiveType
Updating: UnityEngine.GameObject
Updating: UnityEngine.Component
Updating: UnityEngine.Behaviour
Updating: UnityEngine.Space
Updating: UnityEngine.Transform
Updating: UnityEngine.MonoBehaviour
Updating: UnityEngine.Input
Updating: UnityEngine.Time
Updating: UnityEngine.LayerMask
Updating: UnityEngine.RuntimePlatform
Updating: UnityEngine.SystemLanguage
Updating: UnityEngine.LogType
Updating: UnityEngine.Application
Updating: UnityEngine.Application/LogCallback
Updating: UnityEngine.AudioClip
Updating: UnityEngine.AudioVelocityUpdateMode
Updating: UnityEngine.AudioListener
Updating: UnityEngine.AudioSource
Updating: UnityEngine.Debug
Updating: UnityEngine.Random
Updating: UnityEngine.PlayerPrefs
Updating: UnityEngine.PlayerPrefsException
Updating: UnityEngine.SystemInfo
Updating: UnityEngine.YieldInstruction
Updating: UnityEngine.WaitForSeconds
Updating: UnityEngine.WaitForFixedUpdate
Updating: UnityEngine.WaitForEndOfFrame
Updating: UnityEngine.Coroutine
Updating: UnityEngine.RequireComponent
Updating: UnityEngine.AddComponentMenu
Updating: UnityEngine.ContextMenu
Updating: UnityEngine.ExecuteInEditMode
Updating: UnityEngine.HideInInspector
Updating: UnityEngine.ScriptableObject
Updating: UnityEngine.AssetUtility
Updating: UnityEngine.RefCounted
Updating: UnityEngine.TrackedReference
Updating: UnityEngine.Resources
Updating: UnityEngine.AsyncOperation
Updating: UnityEngine.AssetBundleRequest
Updating: UnityEngine.AssetBundle
Updating: UnityEngine.SerializePrivateVariables
Updating: UnityEngine.ThreadPriority
Updating: UnityEngine.SerializeField
Updating: UnityEngine.Profiler
Updating: UnityEngine.LightType
Updating: UnityEngine.LightRenderMode
Updating: UnityEngine.LightShadows
Updating: UnityEngine.Light
Updating: UnityEngine.RenderSettings
Updating: UnityEngine.QualityLevel
Updating: UnityEngine.QualitySettings
Updating: UnityEngine.CameraClearFlags
Updating: UnityEngine.DepthTextureMode
Updating: UnityEngine.Camera
Updating: UnityEngine.TexGenMode
Updating: UnityEngine.Shader
Updating: UnityEngine.AnisotropicFiltering
Updating: UnityEngine.FilterMode
Updating: UnityEngine.TextureWrapMode
Updating: UnityEngine.Texture
Updating: UnityEngine.TextureFormat
Updating: UnityEngine.Texture2D
Updating: UnityEngine.CubemapFace
Updating: UnityEngine.Cubemap
Updating: UnityEngine.MeshFilter
Updating: UnityEngine.CombineInstance
Updating: UnityEngine.Mesh
Updating: UnityEngine.BoneWeight
Updating: UnityEngine.SkinQuality
Updating: UnityEngine.SkinnedMeshRenderer
Updating: UnityEngine.Material
Updating: UnityEngine.Flare
Updating: UnityEngine.LensFlare
Updating: UnityEngine.Renderer
Updating: UnityEngine.Projector
Updating: UnityEngine.Skybox
Updating: UnityEngine.TextMesh
Updating: UnityEngine.Particle
Updating: UnityEngine.ParticleEmitter
Updating: UnityEngine.ParticleAnimator
Updating: UnityEngine.TrailRenderer
Updating: UnityEngine.ParticleRenderMode
Updating: UnityEngine.ParticleRenderer
Updating: UnityEngine.LineRenderer
Updating: UnityEngine.MaterialPropertyBlock
Updating: UnityEngine.Graphics
Updating: UnityEngine.Resolution
Updating: UnityEngine.LightmapData
Updating: UnityEngine.LightmapSettings
Updating: UnityEngine.GeometryUtility
Updating: UnityEngine.Screen
Updating: UnityEngine.RenderTextureFormat
Updating: UnityEngine.RenderTexture
Updating: UnityEngine.MovieTexture
Updating: UnityEngine.GL
Updating: UnityEngine.GUIElement
Updating: UnityEngine.GUITexture
Updating: UnityEngine.TextAlignment
Updating: UnityEngine.TextAnchor
Updating: UnityEngine.GUIText
Updating: UnityEngine.Font
Updating: UnityEngine.GUILayer
Updating: UnityEngine.MeshRenderer
Updating: UnityEngine.ScriptableShaderPass
Updating: UnityEngine.RenderBeforeQueues
Updating: UnityEngine.ScaleMode
Updating: UnityEngine.GUI
Updating: UnityEngine.GUI/WindowFunction
Updating: UnityEngine.GUILayout
Updating: UnityEngine.GUILayoutUtility
Updating: UnityEngine.GUILayoutEntry
Updating: UnityEngine.GUILayoutGroup
Updating: UnityEngine.GUIScrollGroup
Updating: UnityEngine.GUILayoutOption
Updating: UnityEngine.GUILayoutOption/Type
Updating: UnityEngine.GUILayoutOption/Type
Updating: UnityEngine.ExitGUIException
Updating: UnityEngine.FocusType
Updating: UnityEngine.IDList
Updating: UnityEngine.GUIUtility
Updating: UnityEngine.ImagePosition
Updating: UnityEngine.GUIContent
Updating: UnityEngine.GUIStyleState
Updating: UnityEngine.RectOffset
Updating: UnityEngine.GUIStyle
Updating: UnityEngine.PlatformSelection
Updating: UnityEngine.GUISettings
Updating: UnityEngine.GUISkin
Member Added: public UnityEngine.GUIStyle custom1;
Member Added: public UnityEngine.GUIStyle custom2;
Member Added: public UnityEngine.GUIStyle custom3;
Member Added: public UnityEngine.GUIStyle custom4;
Member Added: public UnityEngine.GUIStyle custom5;
Member Added: public UnityEngine.GUIStyle custom6;
Member Added: public UnityEngine.GUIStyle custom7;
Member Added: public UnityEngine.GUIStyle custom8;
Member Added: public UnityEngine.GUIStyle custom9;
Member Added: public UnityEngine.GUIStyle custom10;
Member Added: public UnityEngine.GUIStyle custom11;
Member Added: public UnityEngine.GUIStyle custom12;
Member Added: public UnityEngine.GUIStyle custom13;
Member Added: public UnityEngine.GUIStyle custom14;
Member Added: public UnityEngine.GUIStyle custom15;
Member Added: public UnityEngine.GUIStyle custom16;
Member Added: public UnityEngine.GUIStyle custom17;
Member Added: public UnityEngine.GUIStyle custom18;
Member Added: public UnityEngine.GUIStyle custom19;
Member Added: public UnityEngine.GUIStyle custom20;
Updating: UnityEngine.GUIClip
Updating: UnityEngine.Gizmos
Updating: UnityEngine.EventType
Updating: UnityEngine.Event
Updating: UnityEngine.TextClipping
Updating: UnityEngine.KeyCode
Updating: UnityEngine.Vector2
Updating: UnityEngine.Vector3
Updating: UnityEngine.Color
Updating: UnityEngine.Color32
Updating: UnityEngine.Quaternion
Updating: UnityEngine.Rect
Updating: UnityEngine.Matrix4x4
Updating: UnityEngine.Bounds
Updating: UnityEngine.Vector4
Updating: UnityEngine.Ray
Updating: UnityEngine.Plane
Updating: UnityEngine.Mathf
Updating: UnityEngine.RPCMode
Updating: UnityEngine.ConnectionTesterStatus
Updating: UnityEngine.NetworkConnectionError
Updating: UnityEngine.NetworkDisconnection
Updating: UnityEngine.MasterServerEvent
Updating: UnityEngine.NetworkStateSynchronization
Updating: UnityEngine.NetworkPeerType
Updating: UnityEngine.NetworkPlayer
Updating: UnityEngine.NetworkViewID
Updating: UnityEngine.Ping
Updating: UnityEngine.NetworkView
Updating: UnityEngine.Network
Updating: UnityEngine.BitStream
Updating: UnityEngine.RPC
Updating: UnityEngine.HostData
Updating: UnityEngine.MasterServer
Updating: UnityEngine.NetworkMessageInfo
Updating: UnityEngine.ForceMode
Updating: UnityEngine.Physics
Updating: UnityEngine.Dynamics
Updating: UnityEngine.Rigidbody
Updating: UnityEngine.RigidbodyInterpolation
Updating: UnityEngine.JointMotor
Updating: UnityEngine.JointSpring
Updating: UnityEngine.JointLimits
Updating: UnityEngine.Joint
Updating: UnityEngine.HingeJoint
Updating: UnityEngine.SpringJoint
Updating: UnityEngine.FixedJoint
Updating: UnityEngine.SoftJointLimit
Updating: UnityEngine.JointDriveMode
Updating: UnityEngine.JointProjectionMode
Updating: UnityEngine.JointDrive
Updating: UnityEngine.CharacterJoint
Updating: UnityEngine.ConfigurableJointMotion
Updating: UnityEngine.RotationDriveMode
Updating: UnityEngine.ConfigurableJoint
Updating: UnityEngine.ConstantForce
Updating: UnityEngine.Collider
Updating: UnityEngine.BoxCollider
Updating: UnityEngine.SphereCollider
Updating: UnityEngine.MeshCollider
Updating: UnityEngine.CapsuleCollider
Updating: UnityEngine.RaycastCollider
Updating: UnityEngine.WheelFrictionCurve
Updating: UnityEngine.WheelHit
Updating: UnityEngine.WheelCollider
Updating: UnityEngine.RaycastHit
Updating: UnityEngine.PhysicMaterialCombine
Updating: UnityEngine.PhysicMaterial
Updating: UnityEngine.ContactPoint
Updating: UnityEngine.Collision
Updating: UnityEngine.CollisionFlags
Updating: UnityEngine.ControllerColliderHit
Updating: UnityEngine.ControllerControllerHit
Updating: UnityEngine.CharacterController
Updating: UnityEngine.TextAsset
Updating: UnityEngine.TerrainCollider
Updating: UnityEngine.TreePrototype
Updating: UnityEngine.DetailRenderMode
Updating: UnityEngine.DetailPrototype
Updating: UnityEngine.SplatPrototype
Updating: UnityEngine.TerrainChangedFlags
Updating: UnityEngine.TerrainLighting
Updating: UnityEngine.TerrainData
Updating: UnityEngine.TreeInstance
Updating: UnityEngine.Terrain
Updating: UnityEngine.Terrain/TerrainRenderFlags
Updating: UnityEngine.Terrain/TerrainRenderFlags
Updating: UnityEngine.WWW
Updating: UnityEngine.WWWForm
Updating: UnityEngine.WWWTranscoder
Updating: UnityEngine.CacheIndex
Updating: UnityEngine.Caching
Updating: UnityEngine.Application/LogCallback
Updating: UnityEngine.GUI/WindowFunction
Updating: UnityEngine.AssemblyHelper
Updating: UnityEngine.SetupCoroutine
Updating: UnityEngine.SendMouseEvents
Updating: UnityEngine.StackTraceUtility
Updating: UnityEngine.UnityException
Updating: UnityEngine.MissingComponentException
Updating: UnityEngine.UnassignedReferenceException
Updating: UnityEngine.MissingReferenceException
Updating: UnityEngine.TextEditor
Updating: UnityEngine.TextEditor/DblClickSnapping
Updating: UnityEngine.TextEditor/DblClickSnapping
Updating: UnityEngine.WrapMode
Updating: UnityEngine.AnimationEvent
Updating: UnityEngine.AnimationClip
Updating: UnityEngine.Keyframe
Updating: UnityEngine.AnimationCurve
Updating: UnityEngine.PlayMode
Updating: UnityEngine.QueueMode
Updating: UnityEngine.AnimationBlendMode
Updating: UnityEngine.AnimationPlayMode
Updating: UnityEngine.Animation
Updating: UnityEngine.AnimationState
Updating: UnityEngine.ReferenceData
Updating: UnityEngine.HideFlags
Updating: UnityEngine.Object
Updating: UnityEngine.SendMessageOptions
Updating: UnityEngine.PrimitiveType
Updating: UnityEngine.GameObject
Updating: UnityEngine.Component
Updating: UnityEngine.Behaviour
Updating: UnityEngine.Space
Updating: UnityEngine.Transform
Updating: UnityEngine.MonoBehaviour
Updating: UnityEngine.Input
Updating: UnityEngine.Time
Updating: UnityEngine.LayerMask
Updating: UnityEngine.RuntimePlatform
Updating: UnityEngine.SystemLanguage
Updating: UnityEngine.LogType
Updating: UnityEngine.Application
Updating: UnityEngine.Application/LogCallback
Updating: UnityEngine.AudioClip
Updating: UnityEngine.AudioVelocityUpdateMode
Updating: UnityEngine.AudioListener
Updating: UnityEngine.AudioSource
Updating: UnityEngine.Debug
Updating: UnityEngine.Random
Updating: UnityEngine.PlayerPrefs
Updating: UnityEngine.PlayerPrefsException
Updating: UnityEngine.SystemInfo
Updating: UnityEngine.YieldInstruction
Updating: UnityEngine.WaitForSeconds
Updating: UnityEngine.WaitForFixedUpdate
Updating: UnityEngine.WaitForEndOfFrame
Updating: UnityEngine.Coroutine
Updating: UnityEngine.RequireComponent
Updating: UnityEngine.AddComponentMenu
Updating: UnityEngine.ContextMenu
Updating: UnityEngine.ExecuteInEditMode
Updating: UnityEngine.HideInInspector
Updating: UnityEngine.ScriptableObject
Updating: UnityEngine.AssetUtility
Updating: UnityEngine.RefCounted
Updating: UnityEngine.TrackedReference
Updating: UnityEngine.Resources
Updating: UnityEngine.AsyncOperation
Updating: UnityEngine.AssetBundleRequest
Updating: UnityEngine.AssetBundle
Updating: UnityEngine.SerializePrivateVariables
Updating: UnityEngine.ThreadPriority
Updating: UnityEngine.SerializeField
Updating: UnityEngine.Profiler
Updating: UnityEngine.LightType
Updating: UnityEngine.LightRenderMode
Updating: UnityEngine.LightShadows
Updating: UnityEngine.Light
Updating: UnityEngine.RenderSettings
Updating: UnityEngine.QualityLevel
Updating: UnityEngine.QualitySettings
Updating: UnityEngine.CameraClearFlags
Updating: UnityEngine.DepthTextureMode
Updating: UnityEngine.Camera
Updating: UnityEngine.TexGenMode
Updating: UnityEngine.Shader
Updating: UnityEngine.AnisotropicFiltering
Updating: UnityEngine.FilterMode
Updating: UnityEngine.TextureWrapMode
Updating: UnityEngine.Texture
Updating: UnityEngine.TextureFormat
Updating: UnityEngine.Texture2D
Updating: UnityEngine.CubemapFace
Updating: UnityEngine.Cubemap
Updating: UnityEngine.MeshFilter
Updating: UnityEngine.CombineInstance
Updating: UnityEngine.Mesh
Updating: UnityEngine.BoneWeight
Updating: UnityEngine.SkinQuality
Updating: UnityEngine.SkinnedMeshRenderer
Updating: UnityEngine.Material
Updating: UnityEngine.Flare
Updating: UnityEngine.LensFlare
Updating: UnityEngine.Renderer
Updating: UnityEngine.Projector
Updating: UnityEngine.Skybox
Updating: UnityEngine.TextMesh
Updating: UnityEngine.Particle
Updating: UnityEngine.ParticleEmitter
Updating: UnityEngine.ParticleAnimator
Updating: UnityEngine.TrailRenderer
Updating: UnityEngine.ParticleRenderMode
Updating: UnityEngine.ParticleRenderer
Updating: UnityEngine.LineRenderer
Updating: UnityEngine.MaterialPropertyBlock
Updating: UnityEngine.Graphics
Updating: UnityEngine.Resolution
Updating: UnityEngine.LightmapData
Updating: UnityEngine.LightmapSettings
Updating: UnityEngine.GeometryUtility
Updating: UnityEngine.Screen
Updating: UnityEngine.RenderTextureFormat
Updating: UnityEngine.RenderTexture
Updating: UnityEngine.MovieTexture
Updating: UnityEngine.GL
Updating: UnityEngine.GUIElement
Updating: UnityEngine.GUITexture
Updating: UnityEngine.TextAlignment
Updating: UnityEngine.TextAnchor
Updating: UnityEngine.GUIText
Updating: UnityEngine.Font
Updating: UnityEngine.GUILayer
Updating: UnityEngine.MeshRenderer
Updating: UnityEngine.ScriptableShaderPass
Updating: UnityEngine.RenderBeforeQueues
Updating: UnityEngine.ScaleMode
Updating: UnityEngine.GUI
Updating: UnityEngine.GUI/WindowFunction
Updating: UnityEngine.GUILayout
Updating: UnityEngine.GUILayoutUtility
Updating: UnityEngine.GUILayoutEntry
Updating: UnityEngine.GUILayoutGroup
Updating: UnityEngine.GUIScrollGroup
Updating: UnityEngine.GUILayoutOption
Updating: UnityEngine.GUILayoutOption/Type
Updating: UnityEngine.GUILayoutOption/Type
Updating: UnityEngine.ExitGUIException
Updating: UnityEngine.FocusType
Updating: UnityEngine.IDList
Updating: UnityEngine.GUIUtility
Updating: UnityEngine.ImagePosition
Updating: UnityEngine.GUIContent
Updating: UnityEngine.GUIStyleState
Updating: UnityEngine.RectOffset
Updating: UnityEngine.GUIStyle
Updating: UnityEngine.PlatformSelection
Updating: UnityEngine.GUISettings
Updating: UnityEngine.GUISkin
Updating: UnityEngine.GUIClip
Updating: UnityEngine.Gizmos
Updating: UnityEngine.EventType
Updating: UnityEngine.Event
Updating: UnityEngine.TextClipping
Updating: UnityEngine.KeyCode
Updating: UnityEngine.Vector2
Updating: UnityEngine.Vector3
Updating: UnityEngine.Color
Updating: UnityEngine.Color32
Updating: UnityEngine.Quaternion
Updating: UnityEngine.Rect
Updating: UnityEngine.Matrix4x4
Updating: UnityEngine.Bounds
Updating: UnityEngine.Vector4
Updating: UnityEngine.Ray
Updating: UnityEngine.Plane
Updating: UnityEngine.Mathf
Updating: UnityEngine.RPCMode
Updating: UnityEngine.ConnectionTesterStatus
Updating: UnityEngine.NetworkConnectionError
Updating: UnityEngine.NetworkDisconnection
Updating: UnityEngine.MasterServerEvent
Updating: UnityEngine.NetworkStateSynchronization
Updating: UnityEngine.NetworkPeerType
Updating: UnityEngine.NetworkPlayer
Updating: UnityEngine.NetworkViewID
Updating: UnityEngine.Ping
Updating: UnityEngine.NetworkView
Updating: UnityEngine.Network
Updating: UnityEngine.BitStream
Updating: UnityEngine.RPC
Updating: UnityEngine.HostData
Updating: UnityEngine.MasterServer
Updating: UnityEngine.NetworkMessageInfo
Updating: UnityEngine.ForceMode
Updating: UnityEngine.Physics
Updating: UnityEngine.Dynamics
Updating: UnityEngine.Rigidbody
Updating: UnityEngine.RigidbodyInterpolation
Updating: UnityEngine.JointMotor
Updating: UnityEngine.JointSpring
Updating: UnityEngine.JointLimits
Updating: UnityEngine.Joint
Updating: UnityEngine.HingeJoint
Updating: UnityEngine.SpringJoint
Updating: UnityEngine.FixedJoint
Updating: UnityEngine.SoftJointLimit
Updating: UnityEngine.JointDriveMode
Updating: UnityEngine.JointProjectionMode
Updating: UnityEngine.JointDrive
Updating: UnityEngine.CharacterJoint
Updating: UnityEngine.ConfigurableJointMotion
Updating: UnityEngine.RotationDriveMode
Updating: UnityEngine.ConfigurableJoint
Updating: UnityEngine.ConstantForce
Updating: UnityEngine.Collider
Updating: UnityEngine.BoxCollider
Updating: UnityEngine.SphereCollider
Updating: UnityEngine.MeshCollider
Updating: UnityEngine.CapsuleCollider
Updating: UnityEngine.RaycastCollider
Updating: UnityEngine.WheelFrictionCurve
Updating: UnityEngine.WheelHit
Updating: UnityEngine.WheelCollider
Updating: UnityEngine.RaycastHit
Updating: UnityEngine.PhysicMaterialCombine
Updating: UnityEngine.PhysicMaterial
Updating: UnityEngine.ContactPoint
Updating: UnityEngine.Collision
Updating: UnityEngine.CollisionFlags
Updating: UnityEngine.ControllerColliderHit
Updating: UnityEngine.ControllerControllerHit
Updating: UnityEngine.CharacterController
Updating: UnityEngine.TextAsset
Updating: UnityEngine.TerrainCollider
Updating: UnityEngine.TreePrototype
Updating: UnityEngine.DetailRenderMode
Updating: UnityEngine.DetailPrototype
Updating: UnityEngine.SplatPrototype
Updating: UnityEngine.TerrainChangedFlags
Updating: UnityEngine.TerrainLighting
Updating: UnityEngine.TerrainData
Updating: UnityEngine.TreeInstance
Updating: UnityEngine.Terrain
Updating: UnityEngine.Terrain/TerrainRenderFlags
Updating: UnityEngine.Terrain/TerrainRenderFlags
Updating: UnityEngine.WWW
Updating: UnityEngine.WWWForm
Updating: UnityEngine.WWWTranscoder
Updating: UnityEngine.CacheIndex
Updating: UnityEngine.Caching
Updating: UnityEngine.Application/LogCallback
Updating: UnityEngine.GUI/WindowFunction
Updating: UnityEngine.AssemblyHelper
Updating: UnityEngine.SetupCoroutine
Updating: UnityEngine.SendMouseEvents
Updating: UnityEngine.StackTraceUtility
Updating: UnityEngine.UnityException
Updating: UnityEngine.MissingComponentException
Updating: UnityEngine.UnassignedReferenceException
Updating: UnityEngine.MissingReferenceException
Updating: UnityEngine.TextEditor
Updating: UnityEngine.TextEditor/DblClickSnapping
Updating: UnityEngine.TextEditor/DblClickSnapping
Updating: UnityEngine.WrapMode
Updating: UnityEngine.AnimationEvent
Updating: UnityEngine.AnimationClip
Updating: UnityEngine.Keyframe
Updating: UnityEngine.AnimationCurve
Updating: UnityEngine.PlayMode
Updating: UnityEngine.QueueMode
Updating: UnityEngine.AnimationBlendMode
Updating: UnityEngine.AnimationPlayMode
Updating: UnityEngine.Animation
Updating: UnityEngine.AnimationState
Updating: UnityEngine.ReferenceData
Updating: UnityEngine.HideFlags
Updating: UnityEngine.Object
Updating: UnityEngine.SendMessageOptions
Updating: UnityEngine.PrimitiveType
Updating: UnityEngine.GameObject
Updating: UnityEngine.Component
Updating: UnityEngine.Behaviour
Updating: UnityEngine.Space
Updating: UnityEngine.Transform
Updating: UnityEngine.MonoBehaviour
Updating: UnityEngine.Input
Updating: UnityEngine.Time
Updating: UnityEngine.LayerMask
Updating: UnityEngine.RuntimePlatform
Updating: UnityEngine.SystemLanguage
Updating: UnityEngine.LogType
Updating: UnityEngine.Application
Updating: UnityEngine.Application/LogCallback
Updating: UnityEngine.AudioClip
Updating: UnityEngine.AudioVelocityUpdateMode
Updating: UnityEngine.AudioListener
Updating: UnityEngine.AudioSource
Updating: UnityEngine.Debug
Updating: UnityEngine.Random
Updating: UnityEngine.PlayerPrefs
Updating: UnityEngine.PlayerPrefsException
Updating: UnityEngine.SystemInfo
Updating: UnityEngine.YieldInstruction
Updating: UnityEngine.WaitForSeconds
Updating: UnityEngine.WaitForFixedUpdate
Updating: UnityEngine.WaitForEndOfFrame
Updating: UnityEngine.Coroutine
Updating: UnityEngine.RequireComponent
Updating: UnityEngine.AddComponentMenu
Updating: UnityEngine.ContextMenu
Updating: UnityEngine.ExecuteInEditMode
Updating: UnityEngine.HideInInspector
Updating: UnityEngine.ScriptableObject
Updating: UnityEngine.AssetUtility
Updating: UnityEngine.RefCounted
Updating: UnityEngine.TrackedReference
Updating: UnityEngine.Resources
Updating: UnityEngine.AsyncOperation
Updating: UnityEngine.AssetBundleRequest
Updating: UnityEngine.AssetBundle
Updating: UnityEngine.SerializePrivateVariables
Updating: UnityEngine.ThreadPriority
Updating: UnityEngine.SerializeField
Updating: UnityEngine.Profiler
Updating: UnityEngine.LightType
Updating: UnityEngine.LightRenderMode
Updating: UnityEngine.LightShadows
Updating: UnityEngine.Light
Updating: UnityEngine.RenderSettings
Updating: UnityEngine.QualityLevel
Updating: UnityEngine.QualitySettings
Updating: UnityEngine.CameraClearFlags
Updating: UnityEngine.DepthTextureMode
Updating: UnityEngine.Camera
Updating: UnityEngine.TexGenMode
Updating: UnityEngine.Shader
Updating: UnityEngine.AnisotropicFiltering
Updating: UnityEngine.FilterMode
Updating: UnityEngine.TextureWrapMode
Updating: UnityEngine.Texture
Updating: UnityEngine.TextureFormat
Updating: UnityEngine.Texture2D
Updating: UnityEngine.CubemapFace
Updating: UnityEngine.Cubemap
Updating: UnityEngine.MeshFilter
Updating: UnityEngine.CombineInstance
Updating: UnityEngine.Mesh
Updating: UnityEngine.BoneWeight
Updating: UnityEngine.SkinQuality
Updating: UnityEngine.SkinnedMeshRenderer
Updating: UnityEngine.Material
Updating: UnityEngine.Flare
Updating: UnityEngine.LensFlare
Updating: UnityEngine.Renderer
Updating: UnityEngine.Projector
Updating: UnityEngine.Skybox
Updating: UnityEngine.TextMesh
Updating: UnityEngine.Particle
Updating: UnityEngine.ParticleEmitter
Updating: UnityEngine.ParticleAnimator
Updating: UnityEngine.TrailRenderer
Updating: UnityEngine.ParticleRenderMode
Updating: UnityEngine.ParticleRenderer
Updating: UnityEngine.LineRenderer
Updating: UnityEngine.MaterialPropertyBlock
Updating: UnityEngine.Graphics
Updating: UnityEngine.Resolution
Updating: UnityEngine.LightmapData
Updating: UnityEngine.LightmapSettings
Updating: UnityEngine.GeometryUtility
Updating: UnityEngine.Screen
Updating: UnityEngine.RenderTextureFormat
Updating: UnityEngine.RenderTexture
Updating: UnityEngine.MovieTexture
Updating: UnityEngine.GL
Updating: UnityEngine.GUIElement
Updating: UnityEngine.GUITexture
Updating: UnityEngine.TextAlignment
Updating: UnityEngine.TextAnchor
Updating: UnityEngine.GUIText
Updating: UnityEngine.Font
Updating: UnityEngine.GUILayer
Updating: UnityEngine.MeshRenderer
Updating: UnityEngine.ScriptableShaderPass
Updating: UnityEngine.RenderBeforeQueues
Updating: UnityEngine.ScaleMode
Updating: UnityEngine.GUI
Updating: UnityEngine.GUI/WindowFunction
Updating: UnityEngine.GUILayout
Updating: UnityEngine.GUILayoutUtility
Updating: UnityEngine.GUILayoutEntry
Updating: UnityEngine.GUILayoutGroup
Updating: UnityEngine.GUIScrollGroup
Updating: UnityEngine.GUILayoutOption
Updating: UnityEngine.GUILayoutOption/Type
Updating: UnityEngine.GUILayoutOption/Type
Updating: UnityEngine.ExitGUIException
Updating: UnityEngine.FocusType
Updating: UnityEngine.IDList
Updating: UnityEngine.GUIUtility
Updating: UnityEngine.ImagePosition
Updating: UnityEngine.GUIContent
Updating: UnityEngine.GUIStyleState
Updating: UnityEngine.RectOffset
Updating: UnityEngine.GUIStyle
Updating: UnityEngine.PlatformSelection
Updating: UnityEngine.GUISettings
Updating: UnityEngine.GUISkin
mdoc: Member Removed: File='Source/UnityEngine\GUISkin.xml'; Signature='public UnityEngine.GUIStyle custom1;'
mdoc: Member Removed: File='Source/UnityEngine\GUISkin.xml'; Signature='public UnityEngine.GUIStyle custom10;'
mdoc: Member Removed: File='Source/UnityEngine\GUISkin.xml'; Signature='public UnityEngine.GUIStyle custom11;'
mdoc: Member Removed: File='Source/UnityEngine\GUISkin.xml'; Signature='public UnityEngine.GUIStyle custom12;'
mdoc: Member Removed: File='Source/UnityEngine\GUISkin.xml'; Signature='public UnityEngine.GUIStyle custom13;'
mdoc: Member Removed: File='Source/UnityEngine\GUISkin.xml'; Signature='public UnityEngine.GUIStyle custom14;'
mdoc: Member Removed: File='Source/UnityEngine\GUISkin.xml'; Signature='public UnityEngine.GUIStyle custom15;'
mdoc: Member Removed: File='Source/UnityEngine\GUISkin.xml'; Signature='public UnityEngine.GUIStyle custom16;'
mdoc: Member Removed: File='Source/UnityEngine\GUISkin.xml'; Signature='public UnityEngine.GUIStyle custom17;'
mdoc: Member Removed: File='Source/UnityEngine\GUISkin.xml'; Signature='public UnityEngine.GUIStyle custom18;'
mdoc: Member Removed: File='Source/UnityEngine\GUISkin.xml'; Signature='public UnityEngine.GUIStyle custom19;'
mdoc: Member Removed: File='Source/UnityEngine\GUISkin.xml'; Signature='public UnityEngine.GUIStyle custom2;'
mdoc: Member Removed: File='Source/UnityEngine\GUISkin.xml'; Signature='public UnityEngine.GUIStyle custom20;'
mdoc: Member Removed: File='Source/UnityEngine\GUISkin.xml'; Signature='public UnityEngine.GUIStyle custom3;'
mdoc: Member Removed: File='Source/UnityEngine\GUISkin.xml'; Signature='public UnityEngine.GUIStyle custom4;'
mdoc: Member Removed: File='Source/UnityEngine\GUISkin.xml'; Signature='public UnityEngine.GUIStyle custom5;'
mdoc: Member Removed: File='Source/UnityEngine\GUISkin.xml'; Signature='public UnityEngine.GUIStyle custom6;'
mdoc: Member Removed: File='Source/UnityEngine\GUISkin.xml'; Signature='public UnityEngine.GUIStyle custom7;'
mdoc: Member Removed: File='Source/UnityEngine\GUISkin.xml'; Signature='public UnityEngine.GUIStyle custom8;'
mdoc: Member Removed: File='Source/UnityEngine\GUISkin.xml'; Signature='public UnityEngine.GUIStyle custom9;'
Updating: UnityEngine.GUIClip
Updating: UnityEngine.Gizmos
Updating: UnityEngine.EventType
Updating: UnityEngine.Event
Updating: UnityEngine.TextClipping
Updating: UnityEngine.KeyCode
Updating: UnityEngine.Vector2
Updating: UnityEngine.Vector3
Updating: UnityEngine.Color
Updating: UnityEngine.Color32
Updating: UnityEngine.Quaternion
Updating: UnityEngine.Rect
Updating: UnityEngine.Matrix4x4
Updating: UnityEngine.Bounds
Updating: UnityEngine.Vector4
Updating: UnityEngine.Ray
Updating: UnityEngine.Plane
Updating: UnityEngine.Mathf
Updating: UnityEngine.RPCMode
Updating: UnityEngine.ConnectionTesterStatus
Updating: UnityEngine.NetworkConnectionError
Updating: UnityEngine.NetworkDisconnection
Updating: UnityEngine.MasterServerEvent
Updating: UnityEngine.NetworkStateSynchronization
Updating: UnityEngine.NetworkPeerType
Updating: UnityEngine.NetworkPlayer
Updating: UnityEngine.NetworkViewID
Updating: UnityEngine.Ping
Updating: UnityEngine.NetworkView
Updating: UnityEngine.Network
Updating: UnityEngine.BitStream
Updating: UnityEngine.RPC
Updating: UnityEngine.HostData
Updating: UnityEngine.MasterServer
Updating: UnityEngine.NetworkMessageInfo
Updating: UnityEngine.ForceMode
Updating: UnityEngine.Physics
Updating: UnityEngine.Dynamics
Updating: UnityEngine.Rigidbody
Updating: UnityEngine.RigidbodyInterpolation
Updating: UnityEngine.JointMotor
Updating: UnityEngine.JointSpring
Updating: UnityEngine.JointLimits
Updating: UnityEngine.Joint
Updating: UnityEngine.HingeJoint
Updating: UnityEngine.SpringJoint
Updating: UnityEngine.FixedJoint
Updating: UnityEngine.SoftJointLimit
Updating: UnityEngine.JointDriveMode
Updating: UnityEngine.JointProjectionMode
Updating: UnityEngine.JointDrive
Updating: UnityEngine.CharacterJoint
Updating: UnityEngine.ConfigurableJointMotion
Updating: UnityEngine.RotationDriveMode
Updating: UnityEngine.ConfigurableJoint
Updating: UnityEngine.ConstantForce
Updating: UnityEngine.Collider
Updating: UnityEngine.BoxCollider
Updating: UnityEngine.SphereCollider
Updating: UnityEngine.MeshCollider
Updating: UnityEngine.CapsuleCollider
Updating: UnityEngine.RaycastCollider
Updating: UnityEngine.WheelFrictionCurve
Updating: UnityEngine.WheelHit
Updating: UnityEngine.WheelCollider
Updating: UnityEngine.RaycastHit
Updating: UnityEngine.PhysicMaterialCombine
Updating: UnityEngine.PhysicMaterial
Updating: UnityEngine.ContactPoint
Updating: UnityEngine.Collision
Updating: UnityEngine.CollisionFlags
Updating: UnityEngine.ControllerColliderHit
Updating: UnityEngine.ControllerControllerHit
Updating: UnityEngine.CharacterController
Updating: UnityEngine.TextAsset
Updating: UnityEngine.TerrainCollider
Updating: UnityEngine.TreePrototype
Updating: UnityEngine.DetailRenderMode
Updating: UnityEngine.DetailPrototype
Updating: UnityEngine.SplatPrototype
Updating: UnityEngine.TerrainChangedFlags
Updating: UnityEngine.TerrainLighting
Updating: UnityEngine.TerrainData
Updating: UnityEngine.TreeInstance
Updating: UnityEngine.Terrain
Updating: UnityEngine.Terrain/TerrainRenderFlags
Updating: UnityEngine.Terrain/TerrainRenderFlags
Updating: UnityEngine.WWW
Updating: UnityEngine.WWWForm
Updating: UnityEngine.WWWTranscoder
Updating: UnityEngine.CacheIndex
Updating: UnityEngine.Caching
Updating: UnityEngine.Application/LogCallback
Updating: UnityEngine.GUI/WindowFunction
Members Added: 20, Members Deleted: 20
